Performing C SOURCE FILE Test CMAKE_HAVE_LIBC_PTHREAD failed with the following output:
Change Dir: /home/jairo/robotica_industrial_ws/build/CMakeFiles/CMakeScratch/TryCompile-K0VqSW

Run Build Command(s):/usr/bin/make -f Makefile cmTC_70f7c/fast && /usr/bin/make  -f CMakeFiles/cmTC_70f7c.dir/build.make CMakeFiles/cmTC_70f7c.dir/build
make[1]: se entra en el directorio '/home/jairo/robotica_industrial_ws/build/CMakeFiles/CMakeScratch/TryCompile-K0VqSW'
Building C object CMakeFiles/cmTC_70f7c.dir/src.c.o
/usr/bin/cc -DCMAKE_HAVE_LIBC_PTHREAD   -o CMakeFiles/cmTC_70f7c.dir/src.c.o -c /home/jairo/robotica_industrial_ws/build/CMakeFiles/CMakeScratch/TryCompile-K0VqSW/src.c
Linking C executable cmTC_70f7c
/usr/bin/cmake -E cmake_link_script CMakeFiles/cmTC_70f7c.dir/link.txt --verbose=1
/usr/bin/cc -rdynamic CMakeFiles/cmTC_70f7c.dir/src.c.o -o cmTC_70f7c 
/usr/bin/ld: CMakeFiles/cmTC_70f7c.dir/src.c.o: en la función `main':
src.c:(.text+0x46): referencia a `pthread_create' sin definir
/usr/bin/ld: src.c:(.text+0x52): referencia a `pthread_detach' sin definir
/usr/bin/ld: src.c:(.text+0x5e): referencia a `pthread_cancel' sin definir
/usr/bin/ld: src.c:(.text+0x6f): referencia a `pthread_join' sin definir
collect2: error: ld returned 1 exit status
make[1]: *** [CMakeFiles/cmTC_70f7c.dir/build.make:99: cmTC_70f7c] Error 1
make[1]: se sale del directorio '/home/jairo/robotica_industrial_ws/build/CMakeFiles/CMakeScratch/TryCompile-K0VqSW'
make: *** [Makefile:127: cmTC_70f7c/fast] Error 2


Source file was:
#include <pthread.h>

static void* test_func(void* data)
{
  return data;
}

int main(void)
{
  pthread_t thread;
  pthread_create(&thread, NULL, test_func, NULL);
  pthread_detach(thread);
  pthread_cancel(thread);
  pthread_join(thread, NULL);
  pthread_atfork(NULL, NULL, NULL);
  pthread_exit(NULL);

  return 0;
}


Determining if the function pthread_create exists in the pthreads failed with the following output:
Change Dir: /home/jairo/robotica_industrial_ws/build/CMakeFiles/CMakeScratch/TryCompile-k4iSVW

Run Build Command(s):/usr/bin/make -f Makefile cmTC_4c879/fast && /usr/bin/make  -f CMakeFiles/cmTC_4c879.dir/build.make CMakeFiles/cmTC_4c879.dir/build
make[1]: se entra en el directorio '/home/jairo/robotica_industrial_ws/build/CMakeFiles/CMakeScratch/TryCompile-k4iSVW'
Building C object CMakeFiles/cmTC_4c879.dir/CheckFunctionExists.c.o
/usr/bin/cc   -DCHECK_FUNCTION_EXISTS=pthread_create -o CMakeFiles/cmTC_4c879.dir/CheckFunctionExists.c.o -c /home/jairo/robotica_industrial_ws/build/CMakeFiles/CMakeScratch/TryCompile-k4iSVW/CheckFunctionExists.c
Linking C executable cmTC_4c879
/usr/bin/cmake -E cmake_link_script CMakeFiles/cmTC_4c879.dir/link.txt --verbose=1
/usr/bin/cc  -DCHECK_FUNCTION_EXISTS=pthread_create -rdynamic CMakeFiles/cmTC_4c879.dir/CheckFunctionExists.c.o -o cmTC_4c879  -lpthreads 
/usr/bin/ld: no se puede encontrar -lpthreads
collect2: error: ld returned 1 exit status
make[1]: *** [CMakeFiles/cmTC_4c879.dir/build.make:99: cmTC_4c879] Error 1
make[1]: se sale del directorio '/home/jairo/robotica_industrial_ws/build/CMakeFiles/CMakeScratch/TryCompile-k4iSVW'
make: *** [Makefile:127: cmTC_4c879/fast] Error 2



